[debug] [2024-12-29T23:42:29.772Z] ----------------------------------------------------------------------
[debug] [2024-12-29T23:42:29.774Z] Command:       /usr/local/bin/firebase /Users/adi/.cache/firebase/tools/lib/node_modules/firebase-tools/lib/bin/firebase init
[debug] [2024-12-29T23:42:29.775Z] CLI Version:   13.29.0
[debug] [2024-12-29T23:42:29.775Z] Platform:      darwin
[debug] [2024-12-29T23:42:29.776Z] Node Version:  v18.5.0
[debug] [2024-12-29T23:42:29.779Z] Time:          Sun Dec 29 2024 17:42:29 GMT-0600 (Central Standard Time)
[debug] [2024-12-29T23:42:29.779Z] ----------------------------------------------------------------------
[debug] 
[debug] [2024-12-29T23:42:29.793Z] > command requires scopes: ["email","openid","https://www.googleapis.com/auth/cloudplatformprojects.readonly","https://www.googleapis.com/auth/firebase","https://www.googleapis.com/auth/cloud-platform"]
[debug] [2024-12-29T23:42:29.795Z] > authorizing via signed-in user (aditya.ad.dhanraj@gmail.com)
[info] 
     ######## #### ########  ######## ########     ###     ######  ########
     ##        ##  ##     ## ##       ##     ##  ##   ##  ##       ##
     ######    ##  ########  ######   ########  #########  ######  ######
     ##        ##  ##    ##  ##       ##     ## ##     ##       ## ##
     ##       #### ##     ## ######## ########  ##     ##  ######  ########

You're about to initialize a Firebase project in this directory:

  /Users/adi/Documents/firebase-projects/aditya-dhanraj-website

[info] 
=== Project Setup
[info] 
[info] First, let's associate this project directory with a Firebase project.
[info] You can create multiple project aliases by running firebase use --add, 
[info] but for now we'll just set up a default project.
[info] 
[debug] [2024-12-29T23:46:46.240Z] Checked if tokens are valid: true, expires at: 1735517675833
[debug] [2024-12-29T23:46:46.241Z] Checked if tokens are valid: true, expires at: 1735517675833
[debug] [2024-12-29T23:46:46.245Z] >>> [apiv2][query] GET https://firebase.googleapis.com/v1beta1/projects pageSize=100
[debug] [2024-12-29T23:46:46.619Z] <<< [apiv2][status] GET https://firebase.googleapis.com/v1beta1/projects 200
[debug] [2024-12-29T23:46:46.620Z] <<< [apiv2][body] GET https://firebase.googleapis.com/v1beta1/projects [omitted]
[info] i  Using project aditya-dhanraj-website (Aditya Dhanraj Website) 
[info] 
=== Firestore Setup
[debug] [2024-12-29T23:46:50.839Z] Checked if tokens are valid: true, expires at: 1735517675833
[debug] [2024-12-29T23:46:50.839Z] Checked if tokens are valid: true, expires at: 1735517675833
[debug] [2024-12-29T23:46:50.841Z] >>> [apiv2][query] GET https://serviceusage.googleapis.com/v1/projects/aditya-dhanraj-website/services/firestore.googleapis.com [none]
[debug] [2024-12-29T23:46:50.842Z] >>> [apiv2][(partial)header] GET https://serviceusage.googleapis.com/v1/projects/aditya-dhanraj-website/services/firestore.googleapis.com x-goog-quota-user=projects/aditya-dhanraj-website
[debug] [2024-12-29T23:46:51.050Z] <<< [apiv2][status] GET https://serviceusage.googleapis.com/v1/projects/aditya-dhanraj-website/services/firestore.googleapis.com 200
[debug] [2024-12-29T23:46:51.052Z] <<< [apiv2][body] GET https://serviceusage.googleapis.com/v1/projects/aditya-dhanraj-website/services/firestore.googleapis.com [omitted]
[debug] [2024-12-29T23:46:51.055Z] Checked if tokens are valid: true, expires at: 1735517675833
[debug] [2024-12-29T23:46:51.055Z] Checked if tokens are valid: true, expires at: 1735517675833
[debug] [2024-12-29T23:46:51.055Z] >>> [apiv2][query] GET https://firestore.googleapis.com/v1/projects/aditya-dhanraj-website/databases/(default) [none]
[debug] [2024-12-29T23:46:51.247Z] <<< [apiv2][status] GET https://firestore.googleapis.com/v1/projects/aditya-dhanraj-website/databases/(default) 200
[debug] [2024-12-29T23:46:51.249Z] <<< [apiv2][body] GET https://firestore.googleapis.com/v1/projects/aditya-dhanraj-website/databases/(default) {"name":"projects/aditya-dhanraj-website/databases/(default)","uid":"a90f36df-4c45-47c7-ad4d-bfb7221a92e1","createTime":"2024-12-29T23:22:03.258627Z","updateTime":"2024-12-29T23:22:03.258627Z","locationId":"nam5","type":"FIRESTORE_NATIVE","concurrencyMode":"PESSIMISTIC","versionRetentionPeriod":"3600s","earliestVersionTime":"2024-12-29T23:22:03.258627Z","appEngineIntegrationMode":"DISABLED","keyPrefix":"s","pointInTimeRecoveryEnablement":"POINT_IN_TIME_RECOVERY_DISABLED","deleteProtectionState":"DELETE_PROTECTION_DISABLED","etag":"ILSe6vqUzooDMMSInL6PzooD"}
[debug] [2024-12-29T23:46:51.249Z] database_type: FIRESTORE_NATIVE
[debug] [2024-12-29T23:46:51.249Z] database_type: FIRESTORE_NATIVE
[debug] [2024-12-29T23:46:51.250Z] > command requires scopes: ["email","openid","https://www.googleapis.com/auth/cloudplatformprojects.readonly","https://www.googleapis.com/auth/firebase","https://www.googleapis.com/auth/cloud-platform"]
[debug] [2024-12-29T23:46:51.251Z] > authorizing via signed-in user (aditya.ad.dhanraj@gmail.com)
[debug] [2024-12-29T23:46:51.251Z] [iam] checking project aditya-dhanraj-website for permissions ["firebase.projects.get"]
[debug] [2024-12-29T23:46:51.252Z] Checked if tokens are valid: true, expires at: 1735517675833
[debug] [2024-12-29T23:46:51.252Z] Checked if tokens are valid: true, expires at: 1735517675833
[debug] [2024-12-29T23:46:51.253Z] >>> [apiv2][query] POST https://cloudresourcemanager.googleapis.com/v1/projects/aditya-dhanraj-website:testIamPermissions [none]
[debug] [2024-12-29T23:46:51.253Z] >>> [apiv2][(partial)header] POST https://cloudresourcemanager.googleapis.com/v1/projects/aditya-dhanraj-website:testIamPermissions x-goog-quota-user=projects/aditya-dhanraj-website
[debug] [2024-12-29T23:46:51.253Z] >>> [apiv2][body] POST https://cloudresourcemanager.googleapis.com/v1/projects/aditya-dhanraj-website:testIamPermissions {"permissions":["firebase.projects.get"]}
[debug] [2024-12-29T23:46:51.390Z] <<< [apiv2][status] POST https://cloudresourcemanager.googleapis.com/v1/projects/aditya-dhanraj-website:testIamPermissions 200
[debug] [2024-12-29T23:46:51.391Z] <<< [apiv2][body] POST https://cloudresourcemanager.googleapis.com/v1/projects/aditya-dhanraj-website:testIamPermissions {"permissions":["firebase.projects.get"]}
[info] 
[info] Firestore Security Rules allow you to define how and when to allow
[info] requests. You can keep these rules in your project directory
[info] and publish them with firebase deploy.
[info] 
[debug] [2024-12-29T23:47:22.340Z] Checked if tokens are valid: true, expires at: 1735517675833
[debug] [2024-12-29T23:47:22.341Z] Checked if tokens are valid: true, expires at: 1735517675833
[debug] [2024-12-29T23:47:22.341Z] >>> [apiv2][query] GET https://firebaserules.googleapis.com/v1/projects/aditya-dhanraj-website/releases pageSize=10&pageToken=
[debug] [2024-12-29T23:47:22.487Z] <<< [apiv2][status] GET https://firebaserules.googleapis.com/v1/projects/aditya-dhanraj-website/releases 200
[debug] [2024-12-29T23:47:22.488Z] <<< [apiv2][body] GET https://firebaserules.googleapis.com/v1/projects/aditya-dhanraj-website/releases {"releases":[{"name":"projects/aditya-dhanraj-website/releases/cloud.firestore","rulesetName":"projects/aditya-dhanraj-website/rulesets/9b0c58fb-45e5-4503-9c82-f8a4579461b5","createTime":"2024-12-29T23:22:04.334050Z","updateTime":"2024-12-29T23:22:04.334050Z"}]}
[debug] [2024-12-29T23:47:22.488Z] Found ruleset: projects/aditya-dhanraj-website/rulesets/9b0c58fb-45e5-4503-9c82-f8a4579461b5
[debug] [2024-12-29T23:47:22.489Z] Checked if tokens are valid: true, expires at: 1735517675833
[debug] [2024-12-29T23:47:22.490Z] Checked if tokens are valid: true, expires at: 1735517675833
[debug] [2024-12-29T23:47:22.491Z] >>> [apiv2][query] GET https://firebaserules.googleapis.com/v1/projects/aditya-dhanraj-website/rulesets/9b0c58fb-45e5-4503-9c82-f8a4579461b5 [none]
[debug] [2024-12-29T23:47:22.611Z] <<< [apiv2][status] GET https://firebaserules.googleapis.com/v1/projects/aditya-dhanraj-website/rulesets/9b0c58fb-45e5-4503-9c82-f8a4579461b5 200
[debug] [2024-12-29T23:47:22.611Z] <<< [apiv2][body] GET https://firebaserules.googleapis.com/v1/projects/aditya-dhanraj-website/rulesets/9b0c58fb-45e5-4503-9c82-f8a4579461b5 [omitted]
[info] 
[info] Firestore indexes allow you to perform complex queries while
[info] maintaining performance that scales with the size of the result
[info] set. You can keep index definitions in your project directory
[info] and publish them with firebase deploy.
[info] 
[debug] [2024-12-29T23:47:26.865Z] Checked if tokens are valid: true, expires at: 1735517675833
[debug] [2024-12-29T23:47:26.866Z] Checked if tokens are valid: true, expires at: 1735517675833
[debug] [2024-12-29T23:47:26.866Z] Checked if tokens are valid: true, expires at: 1735517675833
[debug] [2024-12-29T23:47:26.866Z] Checked if tokens are valid: true, expires at: 1735517675833
[debug] [2024-12-29T23:47:26.868Z] >>> [apiv2][query] GET https://firestore.googleapis.com/v1/projects/aditya-dhanraj-website/databases/(default)/collectionGroups/-/indexes [none]
[debug] [2024-12-29T23:47:26.871Z] >>> [apiv2][query] GET https://firestore.googleapis.com/v1/projects/aditya-dhanraj-website/databases/(default)/collectionGroups/-/fields?filter=indexConfig.usesAncestorConfig=false OR ttlConfig:* [none]
[debug] [2024-12-29T23:47:27.042Z] <<< [apiv2][status] GET https://firestore.googleapis.com/v1/projects/aditya-dhanraj-website/databases/(default)/collectionGroups/-/indexes 200
[debug] [2024-12-29T23:47:27.043Z] <<< [apiv2][body] GET https://firestore.googleapis.com/v1/projects/aditya-dhanraj-website/databases/(default)/collectionGroups/-/indexes {}
[debug] [2024-12-29T23:47:27.124Z] <<< [apiv2][status] GET https://firestore.googleapis.com/v1/projects/aditya-dhanraj-website/databases/(default)/collectionGroups/-/fields?filter=indexConfig.usesAncestorConfig=false OR ttlConfig:* 200
[debug] [2024-12-29T23:47:27.125Z] <<< [apiv2][body] GET https://firestore.googleapis.com/v1/projects/aditya-dhanraj-website/databases/(default)/collectionGroups/-/fields?filter=indexConfig.usesAncestorConfig=false OR ttlConfig:* {"fields":[{"name":"projects/aditya-dhanraj-website/databases/(default)/collectionGroups/__default__/fields/*","indexConfig":{"indexes":[{"queryScope":"COLLECTION","fields":[{"fieldPath":"*","order":"ASCENDING"}],"state":"READY"},{"queryScope":"COLLECTION","fields":[{"fieldPath":"*","order":"DESCENDING"}],"state":"READY"},{"queryScope":"COLLECTION","fields":[{"fieldPath":"*","arrayConfig":"CONTAINS"}],"state":"READY"}]}}]}
[info] 
=== Hosting Setup
[debug] [2024-12-29T23:47:27.130Z] Checked if tokens are valid: true, expires at: 1735517675833
[debug] [2024-12-29T23:47:27.130Z] Checked if tokens are valid: true, expires at: 1735517675833
[debug] [2024-12-29T23:47:27.131Z] >>> [apiv2][query] GET https://firebase.googleapis.com/v1beta1/projects/aditya-dhanraj-website [none]
[debug] [2024-12-29T23:47:27.320Z] <<< [apiv2][status] GET https://firebase.googleapis.com/v1beta1/projects/aditya-dhanraj-website 200
[debug] [2024-12-29T23:47:27.321Z] <<< [apiv2][body] GET https://firebase.googleapis.com/v1beta1/projects/aditya-dhanraj-website {"projectId":"aditya-dhanraj-website","projectNumber":"854928454170","displayName":"Aditya Dhanraj Website","name":"projects/aditya-dhanraj-website","resources":{"hostingSite":"aditya-dhanraj-website"},"state":"ACTIVE","etag":"1_c5165dac-5219-4201-b127-67f1e199abe7"}
[info] 
[info] Your public directory is the folder (relative to your project directory) that
[info] will contain Hosting assets to be uploaded with firebase deploy. If you
[info] have a build process for your assets, use your build's output directory.
[info] 
[info] ✔  Wrote public/404.html 
[debug] [2024-12-29T23:48:27.629Z] >>> [apiv2][query] GET https://www.gstatic.com/firebasejs/releases.json [none]
[debug] [2024-12-29T23:48:27.696Z] <<< [apiv2][status] GET https://www.gstatic.com/firebasejs/releases.json 200
[debug] [2024-12-29T23:48:27.697Z] <<< [apiv2][body] GET https://www.gstatic.com/firebasejs/releases.json {"current":{"version":"11.1.0","browserURL":"https://www.gstatic.com/firebasejs/11.1.0/firebase.js","packageURL":"https://www.gstatic.com/firebasejs/11.1.0/firebase.tgz"},"live":{"version":"11.1","browserURL":"https://www.gstatic.com/firebasejs/live/11.1/firebase.js","packageURL":"https://www.gstatic.com/firebasejs/live/11.1/firebase.tgz"},"components":{"analytics":"https://www.gstatic.com/firebasejs/11.1.0/firebase-analytics.js","app":"https://www.gstatic.com/firebasejs/11.1.0/firebase-app.js","app-check":"https://www.gstatic.com/firebasejs/11.1.0/firebase-app-check.js","auth":"https://www.gstatic.com/firebasejs/11.1.0/firebase-auth.js","auth/cordova":"https://www.gstatic.com/firebasejs/11.1.0/firebase-auth/cordova.js","auth/web-extension":"https://www.gstatic.com/firebasejs/11.1.0/firebase-auth/web-extension.js","functions":"https://www.gstatic.com/firebasejs/11.1.0/firebase-functions.js","firestore":"https://www.gstatic.com/firebasejs/11.1.0/firebase-firestore.js","firestore/lite":"https://www.gstatic.com/firebasejs/11.1.0/firebase-firestore/lite.js","installations":"https://www.gstatic.com/firebasejs/11.1.0/firebase-installations.js","storage":"https://www.gstatic.com/firebasejs/11.1.0/firebase-storage.js","performance":"https://www.gstatic.com/firebasejs/11.1.0/firebase-performance.js","remote-config":"https://www.gstatic.com/firebasejs/11.1.0/firebase-remote-config.js","messaging":"https://www.gstatic.com/firebasejs/11.1.0/firebase-messaging.js","messaging/sw":"https://www.gstatic.com/firebasejs/11.1.0/firebase-messaging/sw.js","database":"https://www.gstatic.com/firebasejs/11.1.0/firebase-database.js","vertexai":"https://www.gstatic.com/firebasejs/11.1.0/firebase-vertexai.js","data-connect":"https://www.gstatic.com/firebasejs/11.1.0/firebase-data-connect.js","firestore.memory":"https://www.gstatic.com/firebasejs/11.1.0/firebase-firestore.memory.js"}}
[info] ✔  Wrote public/index.html 
[info] 
[info] i  Didn't detect a .git folder. Assuming /Users/adi/Documents/firebase-projects/aditya-dhanraj-website is the project root. 
[info] i  Authorizing with GitHub to upload your service account to a GitHub repository's secrets store. 
[info] 
[info] Visit this URL on this device to log in:
[info] https://github.com/login/oauth/authorize?client_id=89cf50f02ac6aaed3484&state=440174936&redirect_uri=http%3A%2F%2Flocalhost%3A9005&scope=read%3Auser%20repo%20public_repo
[info] 
[info] Waiting for authentication...
[debug] [2024-12-29T23:48:42.739Z] >>> [apiv2][query] POST https://github.com/login/oauth/access_token [none]
[debug] [2024-12-29T23:48:42.742Z] >>> [apiv2][body] POST https://github.com/login/oauth/access_token [stream]
[debug] [2024-12-29T23:48:43.003Z] <<< [apiv2][status] POST https://github.com/login/oauth/access_token 200
[debug] [2024-12-29T23:48:43.003Z] <<< [apiv2][body] POST https://github.com/login/oauth/access_token {"access_token":"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","token_type":"bearer","scope":"read:user,repo"}
[debug] [2024-12-29T23:48:43.014Z] >>> [apiv2][query] GET https://api.github.com/user [none]
[debug] [2024-12-29T23:48:43.278Z] <<< [apiv2][status] GET https://api.github.com/user 200
[debug] [2024-12-29T23:48:43.279Z] <<< [apiv2][body] GET https://api.github.com/user {"login":"aditya-ad-dhanraj","id":67333018,"node_id":"MDQ6VXNlcjY3MzMzMDE4","avatar_url":"https://avatars.githubusercontent.com/u/67333018?v=4","gravatar_id":"","url":"https://api.github.com/users/aditya-ad-dhanraj","html_url":"https://github.com/aditya-ad-dhanraj","followers_url":"https://api.github.com/users/aditya-ad-dhanraj/followers","following_url":"https://api.github.com/users/aditya-ad-dhanraj/following{/other_user}","gists_url":"https://api.github.com/users/aditya-ad-dhanraj/gists{/gist_id}","starred_url":"https://api.github.com/users/aditya-ad-dhanraj/starred{/owner}{/repo}","subscriptions_url":"https://api.github.com/users/aditya-ad-dhanraj/subscriptions","organizations_url":"https://api.github.com/users/aditya-ad-dhanraj/orgs","repos_url":"https://api.github.com/users/aditya-ad-dhanraj/repos","events_url":"https://api.github.com/users/aditya-ad-dhanraj/events{/privacy}","received_events_url":"https://api.github.com/users/aditya-ad-dhanraj/received_events","type":"User","user_view_type":"private","site_admin":false,"name":"Aditya","company":null,"blog":"","location":null,"email":null,"hireable":null,"bio":null,"twitter_username":null,"notification_email":null,"public_repos":1,"public_gists":0,"followers":0,"following":0,"created_at":"2020-06-23T16:03:54Z","updated_at":"2024-10-23T09:20:48Z","private_gists":1,"total_private_repos":0,"owned_private_repos":0,"disk_usage":10,"collaborators":0,"two_factor_authentication":false,"plan":{"name":"free","space":976562499,"collaborators":0,"private_repos":10000}}
[info] 
[info] ✔  Success! Logged into GitHub as aditya-ad-dhanraj 
[info] 
